"R.version.3.6.2..2019.12.12."
"Platform: x86_64-w64-mingw32/x64 (64-bit)"
"Running under: Windows 10 x64 (build 18363)"
"Matrix products: default"
"locale:"
"[1] LC_COLLATE=English_United States.1252  LC_CTYPE=English_United States.1252   "
"[3] LC_MONETARY=English_United States.1252 LC_NUMERIC=C                          "
"[5] LC_TIME=English_United States.1252    "
"attached base packages:"
"[1] stats     graphics  grDevices utils     datasets  methods   base     "
"other attached packages:"
" [1] e1071_1.7-3          kernlab_0.9-29       randomForest_4.6-14 "
" [4] naivebayes_0.9.6     dplyr_0.8.3          data.table_1.12.8   "
" [7] ggplot2_3.2.1        shinyWidgets_0.5.0   shinydashboard_0.7.1"
"[10] shiny_1.4.0         "
"loaded via a namespace (and not attached):"
" [1] httr_1.4.1              tidyr_1.0.0             jsonlite_1.6           "
" [4] viridisLite_0.3.0       splines_3.6.2           foreach_1.4.7          "
" [7] prodlim_2019.11.13      assertthat_0.2.1        stats4_3.6.2           "
"[10] shinyhelper_0.3.2       yaml_2.2.0              ipred_0.9-9            "
"[13] pillar_1.4.3            backports_1.1.5         lattice_0.20-38        "
"[16] glue_1.3.1              pROC_1.16.1             digest_0.6.23          "
"[19] promises_1.1.0          colorspace_1.4-1        recipes_0.1.9          "
"[22] htmltools_0.4.0         httpuv_1.5.2            Matrix_1.2-18          "
"[25] plyr_1.8.5              timeDate_3043.102       pkgconfig_2.0.3        "
"[28] caret_6.0-85            purrr_0.3.3             xtable_1.8-4           "
"[31] scales_1.1.0            later_1.0.0             gower_0.2.1            "
"[34] lava_1.6.6              BiocParallel_1.20.1     tibble_2.1.3           "
"[37] generics_0.0.2          ellipsis_0.3.0          DT_0.11                "
"[40] withr_2.1.2             shinyjs_1.1             nnet_7.3-12            "
"[43] lazyeval_0.2.2          survival_3.1-8          magrittr_1.5           "
"[46] crayon_1.3.4            mime_0.8                nlme_3.1-143           "
"[49] MASS_7.3-51.5           class_7.3-15            tools_3.6.2            "
"[52] lifecycle_0.1.0         stringr_1.4.0           plotly_4.9.1           "
"[55] munsell_0.5.0           packrat_0.5.0           compiler_3.6.2         "
"[58] rlang_0.4.2             grid_3.6.2              iterators_1.0.12       "
"[61] rstudioapi_0.10         htmlwidgets_1.5.1       crosstalk_1.0.0        "
"[64] ModelMetrics_1.2.2.1    gtable_0.3.0            codetools_0.2-16       "
"[67] reshape2_1.4.3          markdown_1.1            R6_2.4.1               "
"[70] gridExtra_2.3           lubridate_1.7.4         fastmap_1.0.1          "
"[73] zeallot_0.1.0           MSstatsSampleSize_1.0.0 stringi_1.4.4          "
"[76] parallel_3.6.2          Rcpp_1.0.3              vctrs_0.2.1            "
"[79] rpart_4.1-15            tidyselect_0.2.5        xfun_0.12              "
" "
" "
"MSstatsSampleSize - estimateVar function"
" "
"Summary : number of proteins in the input data = 67"
"Summary : number of samples in the input data = 173"
"Preparing variance analysis..."
" Variance analysis completed."
