"R.version.3.6.2..2019.12.12."
"Platform: x86_64-w64-mingw32/x64 (64-bit)"
"Running under: Windows 10 x64 (build 18363)"
"Matrix products: default"
"locale:"
"[1] LC_COLLATE=English_United States.1252  LC_CTYPE=English_United States.1252   "
"[3] LC_MONETARY=English_United States.1252 LC_NUMERIC=C                          "
"[5] LC_TIME=English_United States.1252    "
"attached base packages:"
"[1] stats     graphics  grDevices utils     datasets  methods   base     "
"other attached packages:"
" [1] e1071_1.7-3          kernlab_0.9-29       randomForest_4.6-14 "
" [4] naivebayes_0.9.6     dplyr_0.8.3          data.table_1.12.8   "
" [7] ggplot2_3.2.1        shinyWidgets_0.5.0   shinydashboard_0.7.1"
"[10] shiny_1.4.0         "
"loaded via a namespace (and not attached):"
" [1] httr_1.4.1              tidyr_1.0.0             jsonlite_1.6           "
" [4] viridisLite_0.3.0       splines_3.6.2           foreach_1.4.7          "
" [7] prodlim_2019.11.13      assertthat_0.2.1        stats4_3.6.2           "
"[10] yaml_2.2.0              ipred_0.9-9             pillar_1.4.3           "
"[13] backports_1.1.5         lattice_0.20-38         glue_1.3.1             "
"[16] pROC_1.16.1             digest_0.6.23           promises_1.1.0         "
"[19] colorspace_1.4-1        recipes_0.1.9           htmltools_0.4.0        "
"[22] httpuv_1.5.2            Matrix_1.2-18           plyr_1.8.5             "
"[25] timeDate_3043.102       pkgconfig_2.0.3         caret_6.0-85           "
"[28] purrr_0.3.3             xtable_1.8-4            scales_1.1.0           "
"[31] later_1.0.0             gower_0.2.1             lava_1.6.6             "
"[34] BiocParallel_1.20.1     tibble_2.1.3            generics_0.0.2         "
"[37] ellipsis_0.3.0          DT_0.11                 withr_2.1.2            "
"[40] shinyjs_1.1             nnet_7.3-12             lazyeval_0.2.2         "
"[43] survival_3.1-8          magrittr_1.5            crayon_1.3.4           "
"[46] mime_0.8                evaluate_0.14           nlme_3.1-143           "
"[49] MASS_7.3-51.5           class_7.3-15            rsconnect_0.8.16       "
"[52] tools_3.6.2             lifecycle_0.1.0         stringr_1.4.0          "
"[55] plotly_4.9.1            munsell_0.5.0           packrat_0.5.0          "
"[58] compiler_3.6.2          rlang_0.4.2             grid_3.6.2             "
"[61] RCurl_1.98-1.1          iterators_1.0.12        rstudioapi_0.10        "
"[64] htmlwidgets_1.5.1       crosstalk_1.0.0         rmarkdown_2.1          "
"[67] bitops_1.0-6            gtable_0.3.0            ModelMetrics_1.2.2.1   "
"[70] codetools_0.2-16        markdown_1.1            reshape2_1.4.3         "
"[73] R6_2.4.1                gridExtra_2.3           lubridate_1.7.4        "
"[76] knitr_1.27              fastmap_1.0.1           zeallot_0.1.0          "
"[79] MSstatsSampleSize_1.0.0 h2o_3.28.0.2            stringi_1.4.4          "
"[82] parallel_3.6.2          Rcpp_1.0.3              vctrs_0.2.1            "
"[85] rpart_4.1-15            xfun_0.12               tidyselect_0.2.5       "
" "
" "
"MSstatsSampleSize - estimateVar function"
" "
"Summary : number of proteins in the input data = 67"
"Summary : number of samples in the input data = 173"
"Preparing variance analysis..."
" Variance analysis completed."
