"R.version.3.6.2..2019.12.12."
"Platform: x86_64-w64-mingw32/x64 (64-bit)"
"Running under: Windows 10 x64 (build 18363)"
"Matrix products: default"
"locale:"
"[1] LC_COLLATE=English_United States.1252  LC_CTYPE=English_United States.1252   "
"[3] LC_MONETARY=English_United States.1252 LC_NUMERIC=C                          "
"[5] LC_TIME=English_United States.1252    "
"attached base packages:"
"[1] stats     graphics  grDevices utils     datasets  methods   base     "
"other attached packages:"
" [1] e1071_1.7-3          kernlab_0.9-29       randomForest_4.6-14 "
" [4] naivebayes_0.9.6     dplyr_0.8.3          data.table_1.12.8   "
" [7] ggplot2_3.2.1        shinyWidgets_0.5.0   shinydashboard_0.7.1"
"[10] shiny_1.4.0         "
"loaded via a namespace (and not attached):"
" [1] nlme_3.1-143            bitops_1.0-6            MSstatsSampleSize_1.0.0"
" [4] lubridate_1.7.4         RColorBrewer_1.1-2      httr_1.4.1             "
" [7] tools_3.6.2             backports_1.1.5         R6_2.4.1               "
"[10] DT_0.11                 rpart_4.1-15            lazyeval_0.2.2         "
"[13] colorspace_1.4-1        nnet_7.3-12             withr_2.1.2            "
"[16] tidyselect_0.2.5        gridExtra_2.3           compiler_3.6.2         "
"[19] shinyjs_1.1             plotly_4.9.1            labeling_0.3           "
"[22] scales_1.1.0            stringr_1.4.0           digest_0.6.23          "
"[25] pkgconfig_2.0.3         htmltools_0.4.0         shinyhelper_0.3.2      "
"[28] fastmap_1.0.1           htmlwidgets_1.5.1       rlang_0.4.2            "
"[31] rstudioapi_0.10         generics_0.0.2          farver_2.0.3           "
"[34] jsonlite_1.6            crosstalk_1.0.0         BiocParallel_1.20.1    "
"[37] ModelMetrics_1.2.2.1    RCurl_1.98-1.1          magrittr_1.5           "
"[40] Matrix_1.2-18           Rcpp_1.0.3              munsell_0.5.0          "
"[43] lifecycle_0.1.0         stringi_1.4.4           pROC_1.16.1            "
"[46] yaml_2.2.0              MASS_7.3-51.5           plyr_1.8.5             "
"[49] recipes_0.1.9           grid_3.6.2              parallel_3.6.2         "
"[52] promises_1.1.0          crayon_1.3.4            lattice_0.20-38        "
"[55] splines_3.6.2           zeallot_0.1.0           pillar_1.4.3           "
"[58] markdown_1.1            reshape2_1.4.3          codetools_0.2-16       "
"[61] stats4_3.6.2            glue_1.3.1              packrat_0.5.0          "
"[64] vctrs_0.2.1             httpuv_1.5.2            foreach_1.4.7          "
"[67] gtable_0.3.0            purrr_0.3.3             tidyr_1.0.0            "
"[70] assertthat_0.2.1        xfun_0.12               gower_0.2.1            "
"[73] mime_0.8                prodlim_2019.11.13      h2o_3.28.0.2           "
"[76] xtable_1.8-4            later_1.0.0             class_7.3-15           "
"[79] survival_3.1-8          viridisLite_0.3.0       timeDate_3043.102      "
"[82] tibble_2.1.3            iterators_1.0.12        lava_1.6.6             "
"[85] ellipsis_0.3.0          caret_6.0-85            ipred_0.9-9            "
" "
" "
"MSstatsSampleSize - estimateVar function"
" "
"Summary : number of proteins in the input data = 67"
"Summary : number of samples in the input data = 173"
"Preparing variance analysis..."
" Variance analysis completed."
